C51 COMPILER V9.00   MAIN                                                                  08/18/2017 23:44:59 PAGE 1   


C51 COMPILER V9.00, COMPILATION OF MODULE MAIN
OBJECT MODULE PLACED IN D:\Arduino\hardware\C51\C51\cores\jarduino\main.OBJ
COMPILER INVOKED BY: c:\keil\C51\BIN\C51.exe D:\Arduino\hardware\C51\C51\cores\jarduino\main.c BROWSE INCDIR(D:\Arduino\
                    -hardware\C51\C51\cores\jarduino)

line level    source

   1          /*
   2            main.cpp - Main loop for Arduino sketches
   3            Copyright (c) 2005-2013 Arduino Team.  All right reserved.
   4          
   5          */
   6          
   7          #include <Arduino.h>
   8          
   9          
  10          void main(void)
  11          {
  12   1              setup();
  13   1          
  14   1              while(true) {
  15   2                      loop();
  16   2                      //if (serialEventRun) serialEventRun();
  17   2              }
  18   1              
  19   1              //return 0;
  20   1      }
  21          


MODULE INFORMATION:   STATIC OVERLAYABLE
   CODE SIZE        =      8    ----
   CONSTANT SIZE    =   ----    ----
   XDATA SIZE       =   ----    ----
   PDATA SIZE       =   ----    ----
   DATA SIZE        =     14    ----
   IDATA SIZE       =   ----    ----
   BIT SIZE         =   ----    ----
END OF MODULE INFORMATION.


C51 COMPILATION COMPLETE.  0 WARNING(S),  0 ERROR(S)
